--------------------------------------------------------------------------------
*** jtyler   Job: 6123392.sdb   started: 09/04/19 19:57:03   host: mom2 ***
*** jtyler   Job: 6123392.sdb   started: 09/04/19 19:57:03   host: mom2 ***
*** jtyler   Job: 6123392.sdb   started: 09/04/19 19:57:03   host: mom2 ***
*** jtyler   Job: 6123392.sdb   started: 09/04/19 19:57:03   host: mom2 ***

--------------------------------------------------------------------------------
 2
 Loop 1 check: Sum of a is  34089.081296253768
 Total time for  100  reps of loop 1 =  3.46169910626485944E-2
 Loop 2 check: Sum of c is  -2372725.3715190268
 Total time for  100  reps of loop 2 =  0.26164296199567616
Application 34156261 resources: utime ~2s, stime ~0s, Rss ~10596, inblocks ~9347, outblocks ~24104

real	0m3.011s
user	0m0.524s
sys	0m0.152s
--------------------------------------------------------------------------------

Resources requested: ncpus=24,place=free,walltime=00:01:00
Resources allocated: cpupercent=0,cput=00:00:01,mem=0kb,ncpus=24,vmem=0kb,walltime=00:00:04

*** jtyler   Job: 6123392.sdb   ended: 09/04/19 19:57:07   queue: standard ***
*** jtyler   Job: 6123392.sdb   ended: 09/04/19 19:57:07   queue: standard ***
*** jtyler   Job: 6123392.sdb   ended: 09/04/19 19:57:07   queue: standard ***
*** jtyler   Job: 6123392.sdb   ended: 09/04/19 19:57:07   queue: standard ***
--------------------------------------------------------------------------------
