--------------------------------------------------------------------------------
*** jtyler   Job: 6124163.sdb   started: 10/04/19 09:26:57   host: mom3 ***
*** jtyler   Job: 6124163.sdb   started: 10/04/19 09:26:57   host: mom3 ***
*** jtyler   Job: 6124163.sdb   started: 10/04/19 09:26:57   host: mom3 ***
*** jtyler   Job: 6124163.sdb   started: 10/04/19 09:26:57   host: mom3 ***

--------------------------------------------------------------------------------
 4
 Loop 1 check: Sum of a is  34089.081296253768
 Total time for  100  reps of loop 1 =  1.82960927486419678E-2
 Loop 2 check: Sum of c is  -2372725.3715190268
 Total time for  100  reps of loop 2 =  0.25514698401093483
Application 34160035 resources: utime ~3s, stime ~0s, Rss ~10700, inblocks ~9352, outblocks ~24104
--------------------------------------------------------------------------------

Resources requested: ncpus=24,place=free,walltime=00:05:00
Resources allocated: cpupercent=0,cput=00:00:01,mem=7956kb,ncpus=24,vmem=171580kb,walltime=00:00:04

*** jtyler   Job: 6124163.sdb   ended: 10/04/19 09:27:01   queue: standard ***
*** jtyler   Job: 6124163.sdb   ended: 10/04/19 09:27:01   queue: standard ***
*** jtyler   Job: 6124163.sdb   ended: 10/04/19 09:27:01   queue: standard ***
*** jtyler   Job: 6124163.sdb   ended: 10/04/19 09:27:01   queue: standard ***
--------------------------------------------------------------------------------
