--------------------------------------------------------------------------------
*** jtyler   Job: 6123369.sdb   started: 09/04/19 19:46:09   host: mom3 ***
*** jtyler   Job: 6123369.sdb   started: 09/04/19 19:46:09   host: mom3 ***
*** jtyler   Job: 6123369.sdb   started: 09/04/19 19:46:09   host: mom3 ***
*** jtyler   Job: 6123369.sdb   started: 09/04/19 19:46:09   host: mom3 ***

--------------------------------------------------------------------------------
 1
 Loop 1 check: Sum of a is  34089.081296253768
 Total time for  100  reps of loop 1 =  4.96901590377092361E-2
 Loop 2 check: Sum of c is  -2372725.3715190268
 Total time for  100  reps of loop 2 =  0.34330372232943773
Application 34156231 resources: utime ~3s, stime ~0s, Rss ~10596, inblocks ~9348, outblocks ~24104
--------------------------------------------------------------------------------

Resources requested: ncpus=24,place=free,walltime=00:05:00
Resources allocated: cpupercent=0,cput=00:00:01,mem=0kb,ncpus=24,vmem=0kb,walltime=00:00:04

*** jtyler   Job: 6123369.sdb   ended: 09/04/19 19:46:13   queue: standard ***
*** jtyler   Job: 6123369.sdb   ended: 09/04/19 19:46:13   queue: standard ***
*** jtyler   Job: 6123369.sdb   ended: 09/04/19 19:46:13   queue: standard ***
*** jtyler   Job: 6123369.sdb   ended: 09/04/19 19:46:13   queue: standard ***
--------------------------------------------------------------------------------
