--------------------------------------------------------------------------------
*** jtyler   Job: 6123386.sdb   started: 09/04/19 19:54:20   host: mom3 ***
*** jtyler   Job: 6123386.sdb   started: 09/04/19 19:54:20   host: mom3 ***
*** jtyler   Job: 6123386.sdb   started: 09/04/19 19:54:20   host: mom3 ***
*** jtyler   Job: 6123386.sdb   started: 09/04/19 19:54:20   host: mom3 ***

--------------------------------------------------------------------------------
 2
 Loop 1 check: Sum of a is  34089.081296253768
 Total time for  100  reps of loop 1 =  3.46271544694900513E-2
 Loop 2 check: Sum of c is  -2372725.3715190268
 Total time for  100  reps of loop 2 =  0.1410497659817338
Application 34156253 resources: utime ~1s, stime ~0s, Rss ~10596, inblocks ~9348, outblocks ~24104

real	0m2.859s
user	0m0.500s
sys	0m0.168s
--------------------------------------------------------------------------------

Resources requested: ncpus=24,place=free,walltime=00:01:00
Resources allocated: cpupercent=0,cput=00:00:01,mem=0kb,ncpus=24,vmem=0kb,walltime=00:00:04

*** jtyler   Job: 6123386.sdb   ended: 09/04/19 19:54:23   queue: standard ***
*** jtyler   Job: 6123386.sdb   ended: 09/04/19 19:54:23   queue: standard ***
*** jtyler   Job: 6123386.sdb   ended: 09/04/19 19:54:23   queue: standard ***
*** jtyler   Job: 6123386.sdb   ended: 09/04/19 19:54:23   queue: standard ***
--------------------------------------------------------------------------------
