--------------------------------------------------------------------------------
*** jtyler   Job: 6124164.sdb   started: 10/04/19 09:27:02   host: mom5 ***
*** jtyler   Job: 6124164.sdb   started: 10/04/19 09:27:02   host: mom5 ***
*** jtyler   Job: 6124164.sdb   started: 10/04/19 09:27:02   host: mom5 ***
*** jtyler   Job: 6124164.sdb   started: 10/04/19 09:27:02   host: mom5 ***

--------------------------------------------------------------------------------
 4
 Loop 1 check: Sum of a is  34089.081296253768
 Total time for  100  reps of loop 1 =  1.08374068513512611E-2
 Loop 2 check: Sum of c is  -2372725.3715190268
 Total time for  100  reps of loop 2 =  0.13227192964404821
Application 34160037 resources: utime ~4s, stime ~0s, Rss ~10892, inblocks ~9352, outblocks ~24104
--------------------------------------------------------------------------------

Resources requested: ncpus=24,place=free,walltime=00:05:00
Resources allocated: cpupercent=0,cput=00:00:01,mem=1500kb,ncpus=24,vmem=14600kb,walltime=00:00:04

*** jtyler   Job: 6124164.sdb   ended: 10/04/19 09:27:05   queue: standard ***
*** jtyler   Job: 6124164.sdb   ended: 10/04/19 09:27:05   queue: standard ***
*** jtyler   Job: 6124164.sdb   ended: 10/04/19 09:27:05   queue: standard ***
*** jtyler   Job: 6124164.sdb   ended: 10/04/19 09:27:05   queue: standard ***
--------------------------------------------------------------------------------
