--------------------------------------------------------------------------------
*** jtyler   Job: 6124162.sdb   started: 10/04/19 09:26:53   host: mom2 ***
*** jtyler   Job: 6124162.sdb   started: 10/04/19 09:26:53   host: mom2 ***
*** jtyler   Job: 6124162.sdb   started: 10/04/19 09:26:53   host: mom2 ***
*** jtyler   Job: 6124162.sdb   started: 10/04/19 09:26:53   host: mom2 ***

--------------------------------------------------------------------------------
 4
 Loop 1 check: Sum of a is  34089.081296253768
 Total time for  100  reps of loop 1 =  3.51501930272206664E-2
 Loop 2 check: Sum of c is  -2372725.3715190268
 Total time for  100  reps of loop 2 =  0.31587009003851563
Application 34160033 resources: utime ~2s, stime ~0s, Rss ~10604, inblocks ~9350, outblocks ~24104
--------------------------------------------------------------------------------

Resources requested: ncpus=24,place=free,walltime=00:05:00
Resources allocated: cpupercent=0,cput=00:00:01,mem=0kb,ncpus=24,vmem=0kb,walltime=00:00:04

*** jtyler   Job: 6124162.sdb   ended: 10/04/19 09:26:56   queue: standard ***
*** jtyler   Job: 6124162.sdb   ended: 10/04/19 09:26:56   queue: standard ***
*** jtyler   Job: 6124162.sdb   ended: 10/04/19 09:26:56   queue: standard ***
*** jtyler   Job: 6124162.sdb   ended: 10/04/19 09:26:56   queue: standard ***
--------------------------------------------------------------------------------
