--------------------------------------------------------------------------------
*** jtyler   Job: 6124160.sdb   started: 10/04/19 09:26:49   host: mom3 ***
*** jtyler   Job: 6124160.sdb   started: 10/04/19 09:26:49   host: mom3 ***
*** jtyler   Job: 6124160.sdb   started: 10/04/19 09:26:49   host: mom3 ***
*** jtyler   Job: 6124160.sdb   started: 10/04/19 09:26:49   host: mom3 ***

--------------------------------------------------------------------------------
 4
 Loop 1 check: Sum of a is  34089.081296253768
 Total time for  100  reps of loop 1 =  6.75869928672909737E-2
 Loop 2 check: Sum of c is  -2372725.3715190268
 Total time for  100  reps of loop 2 =  0.36801514774560928
Application 34160031 resources: utime ~1s, stime ~0s, Rss ~10556, inblocks ~9352, outblocks ~24104
--------------------------------------------------------------------------------

Resources requested: ncpus=24,place=free,walltime=00:05:00
Resources allocated: cpupercent=0,cput=00:00:01,mem=0kb,ncpus=24,vmem=0kb,walltime=00:00:04

*** jtyler   Job: 6124160.sdb   ended: 10/04/19 09:26:52   queue: standard ***
*** jtyler   Job: 6124160.sdb   ended: 10/04/19 09:26:52   queue: standard ***
*** jtyler   Job: 6124160.sdb   ended: 10/04/19 09:26:52   queue: standard ***
*** jtyler   Job: 6124160.sdb   ended: 10/04/19 09:26:52   queue: standard ***
--------------------------------------------------------------------------------
