--------------------------------------------------------------------------------
*** jtyler   Job: 6123398.sdb   started: 09/04/19 20:11:31   host: mom4 ***
*** jtyler   Job: 6123398.sdb   started: 09/04/19 20:11:31   host: mom4 ***
*** jtyler   Job: 6123398.sdb   started: 09/04/19 20:11:31   host: mom4 ***
*** jtyler   Job: 6123398.sdb   started: 09/04/19 20:11:31   host: mom4 ***

--------------------------------------------------------------------------------
 3
 Loop 1 check: Sum of a is  34089.081296253768
 Total time for  100  reps of loop 1 =  3.4485907293856144E-2
 Loop 2 check: Sum of c is  -2372725.3715190268
 Total time for  100  reps of loop 2 =  0.31666532997041941
Application 34156310 resources: utime ~2s, stime ~1s, Rss ~10596, inblocks ~9348, outblocks ~24104
--------------------------------------------------------------------------------

Resources requested: ncpus=24,place=free,walltime=00:05:00
Resources allocated: cpupercent=0,cput=00:00:01,mem=0kb,ncpus=24,vmem=0kb,walltime=00:00:05

*** jtyler   Job: 6123398.sdb   ended: 09/04/19 20:11:35   queue: standard ***
*** jtyler   Job: 6123398.sdb   ended: 09/04/19 20:11:35   queue: standard ***
*** jtyler   Job: 6123398.sdb   ended: 09/04/19 20:11:35   queue: standard ***
*** jtyler   Job: 6123398.sdb   ended: 09/04/19 20:11:35   queue: standard ***
--------------------------------------------------------------------------------
