--------------------------------------------------------------------------------
*** jtyler   Job: 6123380.sdb   started: 09/04/19 19:49:34   host: mom3 ***
*** jtyler   Job: 6123380.sdb   started: 09/04/19 19:49:34   host: mom3 ***
*** jtyler   Job: 6123380.sdb   started: 09/04/19 19:49:34   host: mom3 ***
*** jtyler   Job: 6123380.sdb   started: 09/04/19 19:49:34   host: mom3 ***

--------------------------------------------------------------------------------
 3
 Loop 1 check: Sum of a is  34089.081296253768
 Total time for  100  reps of loop 1 =  3.47128342837095261E-2
 Loop 2 check: Sum of c is  -2372725.3715190268
 Total time for  100  reps of loop 2 =  0.32549180742353201
Application 34156250 resources: utime ~2s, stime ~0s, Rss ~10596, inblocks ~9348, outblocks ~24104
--------------------------------------------------------------------------------

Resources requested: ncpus=24,place=free,walltime=00:05:00
Resources allocated: cpupercent=0,cput=00:00:01,mem=0kb,ncpus=24,vmem=0kb,walltime=00:00:05

*** jtyler   Job: 6123380.sdb   ended: 09/04/19 19:49:38   queue: standard ***
*** jtyler   Job: 6123380.sdb   ended: 09/04/19 19:49:38   queue: standard ***
*** jtyler   Job: 6123380.sdb   ended: 09/04/19 19:49:38   queue: standard ***
*** jtyler   Job: 6123380.sdb   ended: 09/04/19 19:49:38   queue: standard ***
--------------------------------------------------------------------------------
