--------------------------------------------------------------------------------
*** jtyler   Job: 6123396.sdb   started: 09/04/19 20:11:03   host: mom5 ***
*** jtyler   Job: 6123396.sdb   started: 09/04/19 20:11:03   host: mom5 ***
*** jtyler   Job: 6123396.sdb   started: 09/04/19 20:11:03   host: mom5 ***
*** jtyler   Job: 6123396.sdb   started: 09/04/19 20:11:03   host: mom5 ***

--------------------------------------------------------------------------------
 1
 Loop 1 check: Sum of a is  34089.081296253768
 Total time for  100  reps of loop 1 =  3.5088040865957737E-2
 Loop 2 check: Sum of c is  -2372725.3715190268
 Total time for  100  reps of loop 2 =  0.17667389940470457
Application 34156306 resources: utime ~1s, stime ~1s, Rss ~10596, inblocks ~9348, outblocks ~24104
--------------------------------------------------------------------------------

Resources requested: ncpus=24,place=free,walltime=00:05:00
Resources allocated: cpupercent=0,cput=00:00:01,mem=0kb,ncpus=24,vmem=0kb,walltime=00:00:05

*** jtyler   Job: 6123396.sdb   ended: 09/04/19 20:11:07   queue: standard ***
*** jtyler   Job: 6123396.sdb   ended: 09/04/19 20:11:07   queue: standard ***
*** jtyler   Job: 6123396.sdb   ended: 09/04/19 20:11:07   queue: standard ***
*** jtyler   Job: 6123396.sdb   ended: 09/04/19 20:11:07   queue: standard ***
--------------------------------------------------------------------------------
